<?xml version="1.0" encoding="UTF-8"?>
<!-- Generated by org.testng.reporters.JUnitReportReporter -->
<testsuite hostname="DESKTOP-2GJ61CJ" failures="0" tests="1" name="Testcases.Loginapplication" time="19.119" errors="0" timestamp="17 Mar 2021 09:07:18 GMT">
  <testcase classname="Testcases.Loginapplication" name="Login" time="19.119"/>
</testsuite> <!-- Testcases.Loginapplication -->
